#
# An unexpected error has been detected by Java Runtime Environment:
#
#  EXCEPTION_ACCESS_VIOLATION (0xc0000005) at pc=0x6d8dc4a7, pid=1384, tid=5476
#
# Java VM: Java HotSpot(TM) Client VM (1.6.0_02-b06 mixed mode)
# Problematic frame:
# V  [jvm.dll+0x11c4a7]
#
# If you would like to submit a bug report, please visit:
#   http://java.sun.com/webapps/bugreport/crash.jsp
#

---------------  T H R E A D  ---------------

Current thread (0x004dc400):  VMThread [id=5476]

siginfo: ExceptionCode=0xc0000005, reading address 0x00000000

Registers:
EAX=0x00000000, EBX=0x086c39e0, ECX=0x0ce99f30, EDX=0x004dc9f8
ESP=0x01eefdbc, EBP=0x004dcddc, ESI=0x004dadc0, EDI=0x004dc5e8
EIP=0x6d8dc4a7, EFLAGS=0x00010206

Top of Stack: (sp=0x01eefdbc)
0x01eefdbc:   0c90fa14 00509d50 0cebddb8 00509d38
0x01eefdcc:   01eeff44 086c4028 086c39e0 0c90fa14
0x01eefddc:   004dadc0 004dc5e8 004dc5f0 004dc9dc
0x01eefdec:   0000000c 00000000 6d90a756 0000000c
0x01eefdfc:   00518410 00000001 004dc400 004d7f30
0x01eefe0c:   004dc9e8 004dc9f4 004dcddc 01eefed0
0x01eefe1c:   0ce99f30 6d8dcd67 6d8ff910 004dadc0
0x01eefe2c:   004dc5f0 0c90f9cc 004dc5e8 6d8dcd9f 

Instructions: (pc=0x6d8dc4a7)
0x6d8dc497:   e8 64 01 f9 ff 85 c0 0f 84 3f 01 00 00 8b 40 04
0x6d8dc4a7:   8b 08 49 0f 88 1e 01 00 00 8b 40 0c 8d 14 88 8b 


Stack: [0x01ea0000,0x01ef0000),  sp=0x01eefdbc,  free space=319k
Native frames: (J=compiled Java code, j=interpreted, Vv=VM code, C=native code)
V  [jvm.dll+0x11c4a7]

VM_Operation (0x0c90f9cc): change breakpoints, mode: safepoint, requested by thread 0x0050b000


---------------  P R O C E S S  ---------------

Java Threads: ( => current thread )
  0x00521c00 JavaThread "Low Memory Detector" daemon [_thread_blocked, id=1600]
  0x00518800 JavaThread "CompilerThread0" daemon [_thread_blocked, id=4544]
  0x0050c800 JavaThread "JDWP Command Reader" daemon [_thread_in_native, id=6320]
  0x0050c400 JavaThread "JDWP Event Helper Thread" daemon [_thread_blocked, id=6436]
  0x0050b000 JavaThread "JDWP Transport Listener: dt_socket" daemon [_thread_blocked, id=5776]
  0x004fdc00 JavaThread "Attach Listener" daemon [_thread_blocked, id=5860]
  0x004fd800 JavaThread "Signal Dispatcher" daemon [_thread_blocked, id=6632]
  0x004ecc00 JavaThread "Finalizer" daemon [_thread_blocked, id=6772]
  0x004e0800 JavaThread "Reference Handler" daemon [_thread_blocked, id=6556]
  0x026b8400 JavaThread "main" [_thread_blocked, id=5900]

Other Threads:
=>0x004dc400 VMThread [id=5476]
  0x0052a800 WatcherThread [id=6196]

VM state:at safepoint (normal execution)

VM Mutex/Monitor currently owned by a thread:  ([mutex/lock_event])
[0x026b7750/0x00000104] Threads_lock - owner thread: 0x004dc400

Heap
 def new generation   total 960K, used 350K [0x046c0000, 0x047c0000, 0x04ba0000)
  eden space 896K,  39% used [0x046c0000, 0x04717b20, 0x047a0000)
  from space 64K,   0% used [0x047a0000, 0x047a0000, 0x047b0000)
  to   space 64K,   0% used [0x047b0000, 0x047b0000, 0x047c0000)
 tenured generation   total 4096K, used 0K [0x04ba0000, 0x04fa0000, 0x086c0000)
   the space 4096K,   0% used [0x04ba0000, 0x04ba0000, 0x04ba0200, 0x04fa0000)
 compacting perm gen  total 12288K, used 1822K [0x086c0000, 0x092c0000, 0x0c6c0000)
   the space 12288K,  14% used [0x086c0000, 0x08887800, 0x08887800, 0x092c0000)
No shared spaces configured.

Dynamic libraries:
0x00400000 - 0x00423000 	C:\Program Files (x86)\Java\jre1.6.0_02\bin\javaw.exe
0x77070000 - 0x771f0000 	C:\windows\SysWOW64\ntdll.dll
0x74ac0000 - 0x74bd0000 	C:\windows\syswow64\kernel32.dll
0x74a70000 - 0x74ab6000 	C:\windows\syswow64\KERNELBASE.dll
0x74ce0000 - 0x74d80000 	C:\windows\syswow64\ADVAPI32.dll
0x74bd0000 - 0x74c7c000 	C:\windows\syswow64\msvcrt.dll
0x76550000 - 0x76569000 	C:\windows\SysWOW64\sechost.dll
0x75f50000 - 0x76040000 	C:\windows\syswow64\RPCRT4.dll
0x74750000 - 0x747b0000 	C:\windows\syswow64\SspiCli.dll
0x74740000 - 0x7474c000 	C:\windows\syswow64\CRYPTBASE.dll
0x75db0000 - 0x75eb0000 	C:\windows\syswow64\USER32.dll
0x76440000 - 0x764d0000 	C:\windows\syswow64\GDI32.dll
0x76060000 - 0x7606a000 	C:\windows\syswow64\LPK.dll
0x762a0000 - 0x7633d000 	C:\windows\syswow64\USP10.dll
0x76070000 - 0x760d0000 	C:\windows\system32\IMM32.DLL
0x747b0000 - 0x7487c000 	C:\windows\syswow64\MSCTF.dll
0x7c340000 - 0x7c396000 	C:\Program Files (x86)\Java\jre1.6.0_02\bin\msvcr71.dll
0x6d7c0000 - 0x6da09000 	C:\Program Files (x86)\Java\jre1.6.0_02\bin\client\jvm.dll
0x72d40000 - 0x72d72000 	C:\windows\system32\WINMM.dll
0x71e00000 - 0x71e4c000 	C:\windows\system32\apphelp.dll
0x6d310000 - 0x6d318000 	C:\Program Files (x86)\Java\jre1.6.0_02\bin\hpi.dll
0x75f40000 - 0x75f45000 	C:\windows\syswow64\PSAPI.DLL
0x6d400000 - 0x6d429000 	C:\Program Files (x86)\Java\jre1.6.0_02\bin\jdwp.dll
0x6d6c0000 - 0x6d6c6000 	C:\Program Files (x86)\Java\jre1.6.0_02\bin\npt.dll
0x6d770000 - 0x6d77c000 	C:\Program Files (x86)\Java\jre1.6.0_02\bin\verify.dll
0x6d3b0000 - 0x6d3cf000 	C:\Program Files (x86)\Java\jre1.6.0_02\bin\java.dll
0x6d7b0000 - 0x6d7bf000 	C:\Program Files (x86)\Java\jre1.6.0_02\bin\zip.dll
0x6d280000 - 0x6d287000 	C:\Program Files (x86)\Java\jre1.6.0_02\bin\dt_socket.dll
0x76400000 - 0x76435000 	C:\windows\syswow64\WS2_32.dll
0x75b80000 - 0x75b86000 	C:\windows\syswow64\NSI.dll
0x72ce0000 - 0x72cf0000 	C:\windows\system32\NLAapi.dll
0x72cd0000 - 0x72ce0000 	C:\windows\system32\napinsp.dll
0x72ca0000 - 0x72cb2000 	C:\windows\system32\pnrpnsp.dll
0x72cf0000 - 0x72cfd000 	C:\windows\system32\wshbth.dll
0x72c20000 - 0x72c47000 	C:\Program Files (x86)\Common Files\Microsoft Shared\Windows Live\WLIDNSP.DLL
0x74c80000 - 0x74cd7000 	C:\windows\syswow64\SHLWAPI.dll
0x72c60000 - 0x72c9c000 	C:\windows\System32\mswsock.dll
0x72bd0000 - 0x72c14000 	C:\windows\system32\DNSAPI.dll
0x72a80000 - 0x72a88000 	C:\windows\System32\winrnr.dll
0x72d20000 - 0x72d3c000 	C:\windows\system32\IPHLPAPI.DLL
0x72d10000 - 0x72d17000 	C:\windows\system32\WINNSI.DLL
0x71140000 - 0x71178000 	C:\windows\System32\fwpuclnt.dll
0x705b0000 - 0x705b6000 	C:\windows\system32\rasadhlp.dll
0x72c50000 - 0x72c55000 	C:\windows\System32\wshtcpip.dll

VM Arguments:
jvm_args: -agentlib:jdwp=transport=dt_socket,suspend=y,address=localhost:55738 -Dfile.encoding=Cp1252
java_command: jPhyTree.HelloWorld code=jPhyTree.HelloWorld.class
Launcher Type: SUN_STANDARD

Environment Variables:
PATH=C:/Program Files (x86)/Java/jre6/bin/client;C:/Program Files (x86)/Java/jre6/bin;C:/Program Files (x86)/Java/jre6/lib/i386;C:\Program Files (x86)\AMD APP\bin\x86_64;C:\Program Files (x86)\AMD APP\bin\x86;C:\Program Files\Common Files\Microsoft Shared\Windows Live;C:\Program Files (x86)\Common Files\Microsoft Shared\Windows Live;C:\windows\system32;C:\windows;C:\windows\System32\Wbem;C:\windows\System32\WindowsPowerShell\v1.0\;C:\Program Files (x86)\ATI Technologies\ATI.ACE\Core-Static;C:\Program Files\Lenovo\Bluetooth Software\;C:\Program Files\Lenovo\Bluetooth Software\syswow64;C:\Program Files (x86)\Windows Live\Shared;C:\Program Files (x86)\MIT\Kerberos\bin;C:\Program Files (x86)\OpenAFS\Common;C:\Program Files (x86)\OpenAFS\Client\Program;C:\Program Files\OpenAFS\Common;C:\Program Files\OpenAFS\Client\Program;C:\Python27;C:\Program Files\VanDyke Software\Clients\;C:\RailsInstaller\Git\cmd;C:\RailsInstaller\Ruby1.9.3\bin;C:\Program Files\Eclipse\eclipse-helios-windows\eclipse;
USERNAME=Shayon
OS=Windows_NT
PROCESSOR_IDENTIFIER=Intel64 Family 6 Model 42 Stepping 7, GenuineIntel



---------------  S Y S T E M  ---------------

OS: Windows NT 6.1 Build 7601 Service Pack 1

CPU:total 8 (8 cores per cpu, 2 threads per core) family 6 model 10 stepping 7, cmov, cx8, fxsr, mmx, sse, sse2, sse3, ssse3, ht

Memory: 4k page, physical 4194303k(4194303k free), swap 4194303k(4194303k free)

vm_info: Java HotSpot(TM) Client VM (1.6.0_02-b06) for windows-x86, built on Jul 12 2007 01:16:14 by "java_re" with unknown MS VC++:1310

